2025-02-07 17:33:02.534 +02:00 [INF] Open
2025-02-07 17:33:09.578 +02:00 [DBG] Operation: 1 + 2
2025-02-07 17:33:09.590 +02:00 [INF] Result: 1 + 2 = 3
2025-02-07 17:33:09.594 +02:00 [INF] End program
2025-02-07 17:36:16.109 +02:00 [INF] Open
2025-02-07 17:36:23.106 +02:00 [DBG] Operation: 11 / 2
2025-02-07 17:36:23.120 +02:00 [INF] Result: 11 / 2 = 5.5
2025-02-07 17:36:23.122 +02:00 [INF] End program
2025-02-07 18:22:39.833 +02:00 [INF] Open
2025-02-07 18:23:09.110 +02:00 [INF] Order accepted: 123
2025-02-07 18:23:09.123 +02:00 [INF] Order: 
ID - 123
 How - 123
Price - 150
 Money - 250
2025-02-07 18:23:09.127 +02:00 [INF] Order by: 123
2025-02-07 18:23:09.133 +02:00 [INF] Order paid
2025-02-07 18:27:04.009 +02:00 [INF] Open
2025-02-07 18:27:04.148 +02:00 [INF] Order accepted: 123
2025-02-07 18:27:04.170 +02:00 [INF] Order: 
ID - 123 
How - 123 
Price - 150 
Money - 250
2025-02-07 18:27:04.172 +02:00 [INF] Order by: 123
2025-02-07 18:27:04.180 +02:00 [INF] Order paid
2025-02-07 18:27:43.789 +02:00 [INF] Open
2025-02-07 18:27:43.890 +02:00 [INF] Order accepted: 123
2025-02-07 18:27:43.914 +02:00 [INF] Order: 	ID - 123 	How - 123 	Price - 150 	Money - 250
2025-02-07 18:27:43.919 +02:00 [INF] Order by: 123
2025-02-07 18:27:43.945 +02:00 [INF] Order paid
2025-02-07 18:28:01.595 +02:00 [INF] Open
2025-02-07 18:28:01.853 +02:00 [INF] Order accepted: 123
2025-02-07 18:28:01.872 +02:00 [INF] Order: 	ID - 123 	How - 123 	Price - 150 	Money - 250
2025-02-07 18:28:01.876 +02:00 [INF] Order by: 123
2025-02-07 18:28:01.890 +02:00 [INF] Order paid
2025-02-07 18:38:22.180 +02:00 [INF] Open
2025-02-07 18:38:22.270 +02:00 [INF] Order: ID - 1	What - Bomb	How - 4	Price - 1500	Money - 2500
2025-02-07 18:38:22.279 +02:00 [INF] Order: 1
2025-02-07 18:38:22.296 +02:00 [INF] Order bigger than zero: 4
2025-02-07 18:38:22.304 +02:00 [ERR] No money user
2025-02-07 18:38:22.306 +02:00 [INF] Order: ID - 2	What - USB hub	How - 5	Price - 500	Money - 1000
2025-02-07 18:38:22.306 +02:00 [INF] Order: 2
2025-02-07 18:38:22.307 +02:00 [INF] Order bigger than zero: 5
2025-02-07 18:38:22.315 +02:00 [ERR] No money user
2025-02-07 18:38:55.367 +02:00 [INF] On
2025-02-07 18:38:55.492 +02:00 [INF] Order: ID - 1	What - Bomb	How - 4	Price - 1500	Money - 2500
2025-02-07 18:38:55.497 +02:00 [INF] Order: 1
2025-02-07 18:38:55.510 +02:00 [INF] Order bigger than zero: 4
2025-02-07 18:38:55.526 +02:00 [ERR] No money user
2025-02-07 18:38:55.538 +02:00 [INF] Order: ID - 2	What - USB hub	How - 5	Price - 500	Money - 1000
2025-02-07 18:38:55.542 +02:00 [INF] Order: 2
2025-02-07 18:38:55.585 +02:00 [INF] Order bigger than zero: 5
2025-02-07 18:38:55.586 +02:00 [ERR] No money user
2025-02-07 18:38:55.587 +02:00 [INF] Off
2025-02-07 18:39:33.275 +02:00 [INF] On
2025-02-07 18:39:33.437 +02:00 [INF] --------------------------------------------
2025-02-07 18:39:33.464 +02:00 [INF] Order: ID - 1	What - Bomb	How - 4	Price - 1500	Money - 2500
2025-02-07 18:39:33.491 +02:00 [INF] --------------------------------------------
2025-02-07 18:39:33.497 +02:00 [INF] --------------------------------------------
2025-02-07 18:39:33.518 +02:00 [INF] Order: 1
2025-02-07 18:39:33.845 +02:00 [INF] Order bigger than zero: 4
2025-02-07 18:39:34.651 +02:00 [ERR] No money user
2025-02-07 18:39:34.657 +02:00 [INF] --------------------------------------------
2025-02-07 18:39:34.658 +02:00 [INF] --------------------------------------------
2025-02-07 18:39:34.661 +02:00 [INF] Order: ID - 2	What - USB hub	How - 5	Price - 500	Money - 1000
2025-02-07 18:39:34.666 +02:00 [INF] --------------------------------------------
2025-02-07 18:39:34.667 +02:00 [INF] --------------------------------------------
2025-02-07 18:39:34.668 +02:00 [INF] Order: 2
2025-02-07 18:39:34.670 +02:00 [INF] Order bigger than zero: 5
2025-02-07 18:39:34.671 +02:00 [ERR] No money user
2025-02-07 18:39:34.671 +02:00 [INF] --------------------------------------------
2025-02-07 18:39:34.673 +02:00 [INF] Off
2025-02-07 18:39:58.836 +02:00 [INF] On
2025-02-07 18:40:00.222 +02:00 [INF] --------------------------------------------
2025-02-07 18:40:00.228 +02:00 [INF] Order: ID - 1	What - Bomb	How - 4	Price - 1500	Money - 2500
2025-02-07 18:40:00.232 +02:00 [INF] --------------------------------------------
2025-02-07 18:40:00.234 +02:00 [INF] Order: 1
2025-02-07 18:40:00.238 +02:00 [INF] Order bigger than zero: 4
2025-02-07 18:40:00.247 +02:00 [ERR] No money user
2025-02-07 18:40:00.248 +02:00 [INF] --------------------------------------------
2025-02-07 18:40:00.249 +02:00 [INF] --------------------------------------------
2025-02-07 18:40:00.251 +02:00 [INF] Order: ID - 2	What - USB hub	How - 5	Price - 500	Money - 1000
2025-02-07 18:40:00.252 +02:00 [INF] --------------------------------------------
2025-02-07 18:40:00.254 +02:00 [INF] Order: 2
2025-02-07 18:40:00.262 +02:00 [INF] Order bigger than zero: 5
2025-02-07 18:40:00.263 +02:00 [ERR] No money user
2025-02-07 18:40:00.265 +02:00 [INF] --------------------------------------------
2025-02-07 18:40:00.266 +02:00 [INF] Off
2025-02-07 18:40:23.512 +02:00 [INF] On
2025-02-07 18:40:23.617 +02:00 [INF] --------------------------------------------
2025-02-07 18:40:23.622 +02:00 [INF] Order: ID - 1	What - Bomb	How - 4	Price - 1500	Money - 2500
2025-02-07 18:40:23.625 +02:00 [INF]  
2025-02-07 18:40:23.628 +02:00 [INF] Order: 1
2025-02-07 18:40:23.635 +02:00 [INF] Order bigger than zero: 4
2025-02-07 18:40:23.648 +02:00 [ERR] No money user
2025-02-07 18:40:23.649 +02:00 [INF] --------------------------------------------
2025-02-07 18:40:23.651 +02:00 [INF] --------------------------------------------
2025-02-07 18:40:23.659 +02:00 [INF] Order: ID - 2	What - USB hub	How - 5	Price - 500	Money - 1000
2025-02-07 18:40:23.660 +02:00 [INF]  
2025-02-07 18:40:23.661 +02:00 [INF] Order: 2
2025-02-07 18:40:23.662 +02:00 [INF] Order bigger than zero: 5
2025-02-07 18:40:23.663 +02:00 [ERR] No money user
2025-02-07 18:40:23.664 +02:00 [INF] --------------------------------------------
2025-02-07 18:40:23.672 +02:00 [INF] Off
2025-02-07 18:44:50.577 +02:00 [INF] On
2025-02-07 18:44:50.668 +02:00 [INF] -----------------------------------------------------------------------------------------------------
2025-02-07 18:44:50.678 +02:00 [INF] Order: ID - 1	What - Bomb	How - 4	Price - 1500	Money - 2500
2025-02-07 18:44:50.680 +02:00 [INF]  
2025-02-07 18:44:50.684 +02:00 [INF] Order: 1
2025-02-07 18:44:50.690 +02:00 [INF] Order bigger than zero: 4
2025-02-07 18:44:50.696 +02:00 [ERR] No money user
2025-02-07 18:44:50.697 +02:00 [INF] -----------------------------------------------------------------------------------------------------
2025-02-07 18:44:50.699 +02:00 [INF] -----------------------------------------------------------------------------------------------------
2025-02-07 18:44:50.700 +02:00 [INF] Order: ID - 2	What - USB hub	How - 5	Price - 500	Money - 1000
2025-02-07 18:44:50.702 +02:00 [INF]  
2025-02-07 18:44:50.708 +02:00 [INF] Order: 2
2025-02-07 18:44:50.710 +02:00 [INF] Order bigger than zero: 5
2025-02-07 18:44:50.712 +02:00 [ERR] No money user
2025-02-07 18:44:50.716 +02:00 [INF] -----------------------------------------------------------------------------------------------------
2025-02-07 18:44:50.717 +02:00 [INF] Off
2025-02-08 17:13:02.439 +02:00 [INF] Smart Home System: ON
2025-02-08 17:13:02.503 +02:00 [DBG] Program started
2025-02-08 17:13:02.600 +02:00 [WRN] File data.json not found. Returning default value.
2025-02-08 17:13:02.607 +02:00 [WRN] File data.json not found. Returning default value.
2025-02-08 17:13:02.610 +02:00 [WRN] No saved movie found
2025-02-08 17:14:18.212 +02:00 [INF] User selected movie: tre
2025-02-08 17:14:18.325 +02:00 [INF] Data saved to data.json: "tre"
2025-02-08 17:14:18.327 +02:00 [INF] Loaded data: Volume = 0, Last Movie = tre
2025-02-08 17:14:18.334 +02:00 [INF] Projector turned ON
2025-02-08 17:14:18.335 +02:00 [INF] Projector turned OFF
2025-02-08 17:14:18.335 +02:00 [DBG] Program ended
2025-02-08 17:14:41.042 +02:00 [INF] Smart Home System: ON
2025-02-08 17:14:43.522 +02:00 [DBG] Program started
2025-02-08 17:14:43.660 +02:00 [ERR] Error loading data: The JSON value could not be converted to System.Double. Path: $ | LineNumber: 0 | BytePositionInLine: 5.
2025-02-08 17:14:43.664 +02:00 [INF] Data loaded from data.json: "tre"
2025-02-08 17:14:43.666 +02:00 [INF] Loaded data: Volume = 0, Last Movie = tre
2025-02-08 17:14:43.673 +02:00 [INF] Projector turned ON
2025-02-08 17:14:43.679 +02:00 [INF] Projector turned OFF
2025-02-08 17:14:43.682 +02:00 [DBG] Program ended
2025-02-08 17:16:22.080 +02:00 [INF] On
2025-02-08 17:16:22.185 +02:00 [DBG] Start
2025-02-08 17:16:22.187 +02:00 [INF] Projector turn on
2025-02-08 17:16:22.188 +02:00 [INF] Projector turn off
2025-02-08 17:16:25.927 +02:00 [INF] Volume set: 123
2025-02-08 17:16:26.055 +02:00 [INF] Date save data.json: 123
2025-02-08 17:16:29.563 +02:00 [INF] User choise movie: tre
2025-02-08 17:16:29.569 +02:00 [INF] Date save data.json: "tre"
2025-02-08 17:16:29.570 +02:00 [DBG] End
2025-02-08 17:17:14.004 +02:00 [INF] On
2025-02-08 17:17:14.064 +02:00 [DBG] Start
2025-02-08 17:17:14.065 +02:00 [INF] Projector turn on
2025-02-08 17:17:14.066 +02:00 [INF] Projector turn off
2025-02-08 17:17:17.510 +02:00 [INF] Volume set: 1
2025-02-08 17:17:17.589 +02:00 [INF] Date save data.json: 1
2025-02-08 17:17:20.659 +02:00 [INF] User choise movie: tre
2025-02-08 17:17:20.664 +02:00 [INF] Date save data.json: "tre"
2025-02-08 17:17:20.666 +02:00 [DBG] End
2025-02-11 16:01:46.926 +02:00 [INF] On
2025-02-11 16:01:48.138 +02:00 [DBG] Start
2025-02-11 16:01:48.141 +02:00 [INF] Projector turned on
2025-02-11 16:01:48.143 +02:00 [INF] Projector turned off
2025-02-11 16:01:50.584 +02:00 [INF] Volume set: 1
2025-02-11 16:01:50.721 +02:00 [INF] Data saved to data.json: 1
2025-02-11 16:01:54.853 +02:00 [INF] User chose movie: 345
2025-02-11 16:01:54.858 +02:00 [INF] Data saved to data.json: "345"
2025-02-11 16:02:10.693 +02:00 [INF] UpperCase: TRENT 
2025-02-11 16:02:10.695 +02:00 [INF] LowerCase: trent 
2025-02-11 16:02:10.695 +02:00 [INF] TitleCase: Trent 
2025-02-11 16:02:10.696 +02:00 [DBG] End
2025-02-11 16:16:41.862 +02:00 [INF] On
2025-02-11 16:16:41.948 +02:00 [DBG] Start
2025-02-11 16:16:41.949 +02:00 [INF] Projector turn on
2025-02-11 16:16:41.950 +02:00 [INF] Projector turn off
2025-02-11 16:16:44.687 +02:00 [INF] Volume set: 111
2025-02-11 16:16:44.776 +02:00 [INF] Date save data.json: 111
2025-02-11 16:16:45.996 +02:00 [INF] User choise movie: 21
2025-02-11 16:16:46.002 +02:00 [INF] Date save data.json: "21"
2025-02-11 16:16:46.003 +02:00 [DBG] End
2025-02-11 16:19:50.628 +02:00 [INF] On
2025-02-11 16:19:51.158 +02:00 [DBG] Start
2025-02-11 16:19:51.165 +02:00 [INF] Projector turn on
2025-02-11 16:19:51.166 +02:00 [INF] Projector turn off
2025-02-11 16:19:52.927 +02:00 [INF] Volume set: 123
2025-02-11 16:19:53.006 +02:00 [INF] Date save data.json: 123
2025-02-11 16:19:53.844 +02:00 [INF] User choise movie: 321
2025-02-11 16:19:53.848 +02:00 [INF] Date save data.json: "321"
2025-02-11 16:19:53.849 +02:00 [INF] Text lower: Text to test. T  t t  t  t)
2025-02-11 16:19:53.865 +02:00 [INF] Text upper: Text to test. T  t t  t  t)
2025-02-11 16:19:53.867 +02:00 [INF] Text title: Text to test. T  t t  t  t)
2025-02-11 16:19:53.868 +02:00 [DBG] End
2025-02-11 16:20:43.545 +02:00 [INF] On
2025-02-11 16:20:52.088 +02:00 [DBG] Start
2025-02-11 16:20:52.095 +02:00 [INF] Projector turn on
2025-02-11 16:20:52.100 +02:00 [INF] Projector turn off
2025-02-11 16:20:53.166 +02:00 [INF] Volume set: 123
2025-02-11 16:20:53.248 +02:00 [INF] Date save data.json: 123
2025-02-11 16:20:53.669 +02:00 [INF] User choise movie: 312
2025-02-11 16:20:53.672 +02:00 [INF] Date save data.json: "312"
2025-02-11 16:20:53.694 +02:00 [INF] Text lower: Text to test. T  t t  t  t)
2025-02-11 16:20:53.698 +02:00 [INF] Text upper: Text to test. T  t t  t  t)
2025-02-11 16:20:53.700 +02:00 [INF] Text title: Text to test. T  t t  t  t)
2025-02-11 16:20:53.701 +02:00 [DBG] End
2025-02-11 16:22:27.917 +02:00 [INF] On
2025-02-11 16:22:28.687 +02:00 [DBG] Start
2025-02-11 16:22:28.689 +02:00 [INF] Projector turn on
2025-02-11 16:22:28.691 +02:00 [INF] Projector turn off
2025-02-11 16:22:29.591 +02:00 [INF] Volume set: 123
2025-02-11 16:22:29.899 +02:00 [INF] Date save data.json: 123
2025-02-11 16:22:30.164 +02:00 [INF] User choise movie: 312
2025-02-11 16:22:30.168 +02:00 [INF] Date save data.json: "312"
2025-02-11 16:22:30.185 +02:00 [INF] Text lower: text to test. t  t t  t  t)
2025-02-11 16:22:30.187 +02:00 [INF] Text upper: TEXT TO TEST. T  T T  T  T)
2025-02-11 16:22:30.189 +02:00 [INF] Text title: Text To Test. T  T T  T  T)
2025-02-11 16:22:30.190 +02:00 [DBG] End
