2025-02-14 23:01:51.145 +02:00 [INF] Выбран товар Смартфон (ID: 1)
2025-02-14 23:01:51.204 +02:00 [DBG] Генерация новой капчи
2025-02-14 23:01:51.225 +02:00 [INF] Сгенерирована новая капча
2025-02-14 23:02:20.148 +02:00 [DBG] Введено значение 6 в 1:5
2025-02-14 23:15:12.268 +02:00 [INF] Выбран товар Ноутбук (ID: 2)
2025-02-14 23:15:12.309 +02:00 [DBG] Генерация новой капчи
2025-02-14 23:15:12.333 +02:00 [INF] Сгенерирована новая капча
2025-02-14 23:15:41.122 +02:00 [WRN] Попытка изменить защищенную ячейку 3:9
2025-02-14 23:16:08.018 +02:00 [DBG] Введено значение 8 в 9:3
2025-02-14 23:22:10.388 +02:00 [INF] Выбран товар Ноутбук (ID: 2)
2025-02-14 23:22:10.472 +02:00 [DBG] Генерация новой капчи
2025-02-14 23:22:10.481 +02:00 [INF] Сгенерирована новая капча
2025-02-14 23:22:26.205 +02:00 [INF] Выбран товар Смартфон (ID: 1)
2025-02-14 23:22:26.281 +02:00 [DBG] Генерация новой капчи
2025-02-14 23:22:26.286 +02:00 [INF] Сгенерирована новая капча
2025-02-14 23:22:36.180 +02:00 [WRN] Попытка изменить защищенную ячейку 5:3
2025-02-14 23:22:39.774 +02:00 [DBG] Введено значение 8 в 3:5
2025-02-15 10:17:19.314 +02:00 [INF] Program work end
2025-02-15 10:29:25.788 +02:00 [INF] Выбран товар Смартфон (ID: 1)
2025-02-15 10:29:25.900 +02:00 [DBG] Генерация новой капчи
2025-02-15 10:29:25.932 +02:00 [INF] Сгенерирована новая капча
2025-02-15 10:29:38.636 +02:00 [DBG] Введено значение 3 в 1:5
